0 info it worked if it ends with ok
1 verbose cli [ '/usr/bin/nodejs', '/usr/local/bin/npm', 'start' ]
2 info using npm@3.5.2
3 info using node@v4.2.6
4 verbose run-script [ 'prestart', 'start', 'poststart' ]
5 info lifecycle react@1.0.0~prestart: react@1.0.0
6 silly lifecycle react@1.0.0~prestart: no script for prestart, continuing
7 info lifecycle react@1.0.0~start: react@1.0.0
8 verbose lifecycle react@1.0.0~start: unsafe-perm in lifecycle true
9 verbose lifecycle react@1.0.0~start: PATH: /usr/share/npm/bin/node-gyp-bin:/mnt/a/local.lab/react/node_modules/.bin:/usr/local/sbin:/usr/local/bin:/usr/sbin:/usr/bin:/sbin:/bin:/usr/games:/usr/local/games:/mnt/c/Program Files (x86)/Razer Chroma SDK/bin:/mnt/c/Program Files/Razer Chroma SDK/bin:/mnt/c/ProgramData/Oracle/Java/javapath_target_128952500:/mnt/c/Windows/System32:/mnt/c/Windows:/mnt/c/Windows/System32/wbem:/mnt/c/Windows/System32/WindowsPowerShell/v1.0:/mnt/c/Ruby23-x64/bin:/mnt/c/Users/loray/AppData/Local/Microsoft/WindowsApps:/mnt/c/Program Files (x86)/Windows Kits/8.1/Windows Performance Toolkit:/mnt/d/Programs/nodejs:/mnt/c/Users/loray/AppData/Roaming/npm:/mnt/c/Program Files (x86)/Microsoft VS Code/bin:/mnt/c/Windows/System32:/mnt/c/Windows:/mnt/c/Windows/System32/wbem:/mnt/c/Windows/System32/WindowsPowerShell/v1.0:/mnt/c/Program Files/Git/cmd:/mnt/c/Ruby23-x64/bin:/mnt/c/Users/loray/AppData/Local/Microsoft/WindowsApps:/mnt/c/Users/loray/AppData/Roaming/npm:/mnt/c/Program Files (x86)/Microsoft VS Code/bin:/mnt/d/Program Files (x86)/HMA! Pro VPN/bin:/mnt/c/Users/loray/AppData/Roaming/Dashlane/4.8.8.36676/bin/Firefox_Extension/{442718d9-475e-452a-b3e1-fb1ee16b8e9f}/components:/mnt/c/Users/loray/AppData/Roaming/Dashlane/4.8.8.36676/ucrt:/mnt/c/Users/loray/AppData/Local/Microsoft/WindowsApps:/mnt/c/Program Files/Docker Toolbox:/mnt/c/Users/loray/AppData/Roaming/Dashlane/4.8.9.37516/bin/Firefox_Extension/{442718d9-475e-452a-b3e1-fb1ee16b8e9f}/components:/mnt/c/Users/loray/AppData/Roaming/Dashlane/4.8.9.37516/ucrt:/snap/bin:/home/loray/bin:/home/loray/.local/bin:/home/loray/.composer/vendor/bin:/mnt/c/Program\ Files/Docker/Docker/resources/bin
10 verbose lifecycle react@1.0.0~start: CWD: /mnt/a/local.lab/react
11 silly lifecycle react@1.0.0~start: Args: [ '-c', 'webpack-dev-server --progress --inline --hot' ]
12 silly lifecycle react@1.0.0~start: Returned: code: 1  signal: null
13 info lifecycle react@1.0.0~start: Failed to exec start script
14 verbose stack Error: react@1.0.0 start: `webpack-dev-server --progress --inline --hot`
14 verbose stack Exit status 1
14 verbose stack     at EventEmitter.<anonymous> (/usr/share/npm/lib/utils/lifecycle.js:232:16)
14 verbose stack     at emitTwo (events.js:87:13)
14 verbose stack     at EventEmitter.emit (events.js:172:7)
14 verbose stack     at ChildProcess.<anonymous> (/usr/share/npm/lib/utils/spawn.js:24:14)
14 verbose stack     at emitTwo (events.js:87:13)
14 verbose stack     at ChildProcess.emit (events.js:172:7)
14 verbose stack     at maybeClose (internal/child_process.js:821:16)
14 verbose stack     at Process.ChildProcess._handle.onexit (internal/child_process.js:211:5)
15 verbose pkgid react@1.0.0
16 verbose cwd /mnt/a/local.lab/react
17 error Linux 4.4.0-43-Microsoft
18 error argv "/usr/bin/nodejs" "/usr/local/bin/npm" "start"
19 error node v4.2.6
20 error npm  v3.5.2
21 error code ELIFECYCLE
22 error react@1.0.0 start: `webpack-dev-server --progress --inline --hot`
22 error Exit status 1
23 error Failed at the react@1.0.0 start script 'webpack-dev-server --progress --inline --hot'.
23 error Make sure you have the latest version of node.js and npm installed.
23 error If you do, this is most likely a problem with the react package,
23 error not with npm itself.
23 error Tell the author that this fails on your system:
23 error     webpack-dev-server --progress --inline --hot
23 error You can get information on how to open an issue for this project with:
23 error     npm bugs react
23 error Or if that isn't available, you can get their info via:
23 error     npm owner ls react
23 error There is likely additional logging output above.
24 verbose exit [ 1, true ]
